<?xml version="1.0" encoding="UTF-8"?>
<!-- Generated by org.testng.reporters.JUnitReportReporter -->
<testsuite skipped="0" hostname="Jimmy-Gupta" name="restapi.TC0011_POST" tests="1" failures="0" timestamp="2022-09-20T17:14:39 IST" time="0.843" errors="0">
  <testcase name="registeruser" time="0.843" classname="restapi.TC0011_POST"/>
  <system-out/>
</testsuite> <!-- restapi.TC0011_POST -->
