<?xml version="1.0" encoding="UTF-8"?>
<!-- Generated by org.testng.reporters.JUnitReportReporter -->
<testsuite skipped="0" hostname="Jimmy-Gupta" name="restapi.TC001_GET" tests="1" failures="0" timestamp="2022-09-20T17:14:39 IST" time="0.434" errors="0">
  <testcase name="getlistuser" time="0.434" classname="restapi.TC001_GET"/>
  <system-out/>
</testsuite> <!-- restapi.TC001_GET -->
