<?xml version="1.0" encoding="UTF-8"?>
<!-- Generated by org.testng.reporters.JUnitReportReporter -->
<testsuite skipped="0" hostname="Jimmy-Gupta" name="restapi.TC004_GET" tests="1" failures="0" timestamp="2022-09-20T17:14:39 IST" time="0.461" errors="0">
  <testcase name="getlist" time="0.461" classname="restapi.TC004_GET"/>
  <system-out/>
</testsuite> <!-- restapi.TC004_GET -->
