<?xml version="1.0" encoding="UTF-8"?>
<!-- Generated by org.testng.reporters.JUnitReportReporter -->
<testsuite skipped="0" hostname="Jimmy-Gupta" name="restapi.TC008_PUT" tests="1" failures="0" timestamp="2022-09-20T17:14:39 IST" time="0.826" errors="0">
  <testcase name="update_put" time="0.826" classname="restapi.TC008_PUT"/>
  <system-out/>
</testsuite> <!-- restapi.TC008_PUT -->
