<?xml version="1.0" encoding="UTF-8"?>
<!-- Generated by org.testng.reporters.JUnitReportReporter -->
<testsuite skipped="3" hostname="Jimmy-Gupta" name="restapi.TC002_POST" tests="4" failures="0" timestamp="2022-09-20T15:48:30 IST" time="3.362" errors="0">
  <testcase name="loginsuccess" time="3.362" classname="restapi.TC002_POST"/>
  <system-out/>
  <testcase name="registerunsuccess" classname="restapi.TC002_POST">
    <skipped/>
  </testcase> <!-- registerunsuccess -->
  <system-out/>
  <testcase name="createuser" classname="restapi.TC002_POST">
    <skipped/>
  </testcase> <!-- createuser -->
  <system-out/>
  <testcase name="registeruser" classname="restapi.TC002_POST">
    <skipped/>
  </testcase> <!-- registeruser -->
  <system-out/>
</testsuite> <!-- restapi.TC002_POST -->
