<?xml version="1.0" encoding="UTF-8"?>
<!-- Generated by org.testng.reporters.JUnitReportReporter -->
<testsuite skipped="0" hostname="Jimmy-Gupta" name="restapi.TC009_PATCH" tests="1" failures="0" timestamp="2022-09-20T17:14:39 IST" time="0.789" errors="0">
  <testcase name="update_patch" time="0.789" classname="restapi.TC009_PATCH"/>
  <system-out/>
</testsuite> <!-- restapi.TC009_PATCH -->
