<?xml version="1.0" encoding="UTF-8"?>
<!-- Generated by org.testng.reporters.JUnitReportReporter -->
<testsuite skipped="0" hostname="Jimmy-Gupta" name="restapi.TC0013_POST" tests="1" failures="0" timestamp="2022-09-20T17:14:39 IST" time="0.775" errors="0">
  <testcase name="loginsuccess" time="0.775" classname="restapi.TC0013_POST"/>
  <system-out/>
</testsuite> <!-- restapi.TC0013_POST -->
